[debug] [2023-02-19T07:16:43.480Z] ----------------------------------------------------------------------
[debug] [2023-02-19T07:16:43.482Z] Command:       C:\Program Files\nodejs\node.exe C:\Users\janak\AppData\Roaming\npm\node_modules\firebase-tools\lib\bin\firebase.js init
[debug] [2023-02-19T07:16:43.482Z] CLI Version:   11.4.0
[debug] [2023-02-19T07:16:43.482Z] Platform:      win32
[debug] [2023-02-19T07:16:43.483Z] Node Version:  v16.16.0
[debug] [2023-02-19T07:16:43.483Z] Time:          Sun Feb 19 2023 13:01:43 GMT+0545 (Nepal Time)
[debug] [2023-02-19T07:16:43.484Z] ----------------------------------------------------------------------
[debug] 
[debug] [2023-02-19T07:16:43.540Z] > command requires scopes: ["email","openid","https://www.googleapis.com/auth/cloudplatformprojects.readonly","https://www.googleapis.com/auth/firebase","https://www.googleapis.com/auth/cloud-platform"]
[debug] [2023-02-19T07:16:43.540Z] > authorizing via signed-in user (janaksapkota5@gmail.com)
[info] 
     ######## #### ########  ######## ########     ###     ######  ########
     ##        ##  ##     ## ##       ##     ##  ##   ##  ##       ##
     ######    ##  ########  ######   ########  #########  ######  ######
     ##        ##  ##    ##  ##       ##     ## ##     ##       ## ##
     ##       #### ##     ## ######## ########  ##     ##  ######  ########

You're about to initialize a Firebase project in this directory:

  C:\Users\janak\Desktop\Projects\gulf_star_manpower

Before we get started, keep in mind:

  * You are initializing within an existing Firebase project directory

